[2021-12-01 16:43:51,261] multiqc                                            [DEBUG  ]  This is MultiQC v1.11
[2021-12-01 16:43:51,261] multiqc                                            [DEBUG  ]  No MultiQC config found: /Library/Frameworks/Python.framework/Versions/3.9/lib/python3.9/site-packages/multiqc_config.yaml
[2021-12-01 16:43:51,261] multiqc                                            [DEBUG  ]  No MultiQC config found: /Users/mikhailshishkin/.multiqc_config.yaml
[2021-12-01 16:43:51,261] multiqc                                            [DEBUG  ]  No MultiQC config found: multiqc_config.yaml
[2021-12-01 16:43:51,261] multiqc                                            [DEBUG  ]  Command used: /Library/Frameworks/Python.framework/Versions/3.9/bin/multiqc .
[2021-12-01 16:43:51,819] multiqc                                            [DEBUG  ]  Latest MultiQC version is v1.11
[2021-12-01 16:43:51,820] multiqc                                            [DEBUG  ]  Command     : /Library/Frameworks/Python.framework/Versions/3.9/bin/multiqc .
[2021-12-01 16:43:51,820] multiqc                                            [DEBUG  ]  Working dir : /Users/mikhailshishkin/space/GitHub/bio_dz2
[2021-12-01 16:43:51,820] multiqc                                            [DEBUG  ]  Template    : default
[2021-12-01 16:43:51,820] multiqc                                            [DEBUG  ]  Running Python 3.9.2 (v3.9.2:1a79785e3e, Feb 19 2021, 09:09:00)  [Clang 12.0.0 (clang-1200.0.32.29)]
[2021-12-01 16:43:51,821] multiqc                                            [DEBUG  ]  Analysing modules: custom_content, ccs, ngsderive, purple, conpair, lima, peddy, somalier, methylQA, mosdepth, phantompeakqualtools, qualimap, preseq, quast, qorts, rna_seqc, rockhopper, rsem, rseqc, busco, bustools, goleft_indexcov, gffcompare, disambiguate, supernova, deeptools, sargasso, verifybamid, mirtrace, happy, mirtop, sambamba, homer, hops, macs2, theta2, snpeff, gatk, htseq, bcftools, featureCounts, fgbio, dragen, dedup, damageprofiler, biobambam2, jcvi, mtnucratio, picard, vep, sentieon, prokka, qc3C, nanostat, samblaster, samtools, sexdeterrmine, eigenstratdatabasetools, bamtools, jellyfish, vcftools, longranger, stacks, varscan2, snippy, bbmap, bismark, biscuit, hicexplorer, hicup, hicpro, salmon, kallisto, slamdunk, star, hisat2, tophat, bowtie2, bowtie1, snpsplit, odgi, pangolin, kat, leehom, adapterRemoval, clipandmerge, cutadapt, flexbar, kaiju, kraken, malt, trimmomatic, sickle, skewer, sortmerna, biobloomtools, fastq_screen, afterqc, fastp, fastqc, pychopper, pycoqc, minionqc, multivcfanalyzer, clusterflow, bcl2fastq, bclconvert, interop, ivar, flash, seqyclean, optitype
[2021-12-01 16:43:51,822] multiqc                                            [DEBUG  ]  Using temporary directory for creating report: /var/folders/4w/w469rcgn2y3dk9h8brh57df40000gn/T/tmpzojlasia
[2021-12-01 16:43:51,909] multiqc                                            [INFO   ]  Search path : /Users/mikhailshishkin/space/GitHub/bio_dz2
[2021-12-01 16:43:51,939] multiqc                                            [DEBUG  ]  File ignored by ccs/v4 because it exceeded search pattern filesize limit: SRR3414629_1_fastqc.html
[2021-12-01 16:43:51,940] multiqc                                            [DEBUG  ]  File ignored by hicexplorer because it exceeded search pattern filesize limit: SRR3414629_1_fastqc.html
[2021-12-01 16:43:51,940] multiqc                                            [DEBUG  ]  File ignored by nanostat because it exceeded search pattern filesize limit: SRR3414629_1_fastqc.html
[2021-12-01 16:43:51,940] multiqc                                            [DEBUG  ]  File ignored by lima/summary because it exceeded search pattern filesize limit: SRR3414629_1_fastqc.html
[2021-12-01 16:43:51,942] multiqc                                            [DEBUG  ]  File ignored by vep/vep_txt because it exceeded search pattern filesize limit: SRR3414629_1_fastqc.html
[2021-12-01 16:43:51,942] multiqc                                            [DEBUG  ]  File ignored by longranger/invocation because it exceeded search pattern filesize limit: SRR3414629_1_fastqc.html
[2021-12-01 16:43:51,942] multiqc                                            [DEBUG  ]  File ignored by rockhopper because it exceeded search pattern filesize limit: SRR3414629_1_fastqc.html
[2021-12-01 16:43:51,942] multiqc                                            [DEBUG  ]  File ignored by rseqc/bam_stat because it exceeded search pattern filesize limit: SRR3414629_1_fastqc.html
[2021-12-01 16:43:51,942] multiqc                                            [DEBUG  ]  File ignored by rseqc/junction_annotation because it exceeded search pattern filesize limit: SRR3414629_1_fastqc.html
[2021-12-01 16:43:51,942] multiqc                                            [DEBUG  ]  File ignored by rseqc/read_distribution because it exceeded search pattern filesize limit: SRR3414629_1_fastqc.html
[2021-12-01 16:43:51,942] multiqc                                            [DEBUG  ]  File ignored by rseqc/infer_experiment because it exceeded search pattern filesize limit: SRR3414629_1_fastqc.html
[2021-12-01 16:43:51,994] multiqc                                            [DEBUG  ]  File ignored by ccs/v4 because it exceeded search pattern filesize limit: SRR3414630_1_fastqc.html
[2021-12-01 16:43:51,994] multiqc                                            [DEBUG  ]  File ignored by hicexplorer because it exceeded search pattern filesize limit: SRR3414630_1_fastqc.html
[2021-12-01 16:43:51,994] multiqc                                            [DEBUG  ]  File ignored by nanostat because it exceeded search pattern filesize limit: SRR3414630_1_fastqc.html
[2021-12-01 16:43:51,994] multiqc                                            [DEBUG  ]  File ignored by lima/summary because it exceeded search pattern filesize limit: SRR3414630_1_fastqc.html
[2021-12-01 16:43:51,996] multiqc                                            [DEBUG  ]  File ignored by vep/vep_txt because it exceeded search pattern filesize limit: SRR3414630_1_fastqc.html
[2021-12-01 16:43:51,996] multiqc                                            [DEBUG  ]  File ignored by longranger/invocation because it exceeded search pattern filesize limit: SRR3414630_1_fastqc.html
[2021-12-01 16:43:51,996] multiqc                                            [DEBUG  ]  File ignored by rockhopper because it exceeded search pattern filesize limit: SRR3414630_1_fastqc.html
[2021-12-01 16:43:51,996] multiqc                                            [DEBUG  ]  File ignored by rseqc/bam_stat because it exceeded search pattern filesize limit: SRR3414630_1_fastqc.html
[2021-12-01 16:43:51,996] multiqc                                            [DEBUG  ]  File ignored by rseqc/junction_annotation because it exceeded search pattern filesize limit: SRR3414630_1_fastqc.html
[2021-12-01 16:43:51,996] multiqc                                            [DEBUG  ]  File ignored by rseqc/read_distribution because it exceeded search pattern filesize limit: SRR3414630_1_fastqc.html
[2021-12-01 16:43:51,996] multiqc                                            [DEBUG  ]  File ignored by rseqc/infer_experiment because it exceeded search pattern filesize limit: SRR3414630_1_fastqc.html
[2021-12-01 16:43:52,050] multiqc                                            [DEBUG  ]  File ignored by ccs/v4 because it exceeded search pattern filesize limit: SRR3414637_1_fastqc.html
[2021-12-01 16:43:52,050] multiqc                                            [DEBUG  ]  File ignored by hicexplorer because it exceeded search pattern filesize limit: SRR3414637_1_fastqc.html
[2021-12-01 16:43:52,050] multiqc                                            [DEBUG  ]  File ignored by nanostat because it exceeded search pattern filesize limit: SRR3414637_1_fastqc.html
[2021-12-01 16:43:52,050] multiqc                                            [DEBUG  ]  File ignored by lima/summary because it exceeded search pattern filesize limit: SRR3414637_1_fastqc.html
[2021-12-01 16:43:52,051] multiqc                                            [DEBUG  ]  File ignored by vep/vep_txt because it exceeded search pattern filesize limit: SRR3414637_1_fastqc.html
[2021-12-01 16:43:52,052] multiqc                                            [DEBUG  ]  File ignored by longranger/invocation because it exceeded search pattern filesize limit: SRR3414637_1_fastqc.html
[2021-12-01 16:43:52,052] multiqc                                            [DEBUG  ]  File ignored by rockhopper because it exceeded search pattern filesize limit: SRR3414637_1_fastqc.html
[2021-12-01 16:43:52,052] multiqc                                            [DEBUG  ]  File ignored by rseqc/bam_stat because it exceeded search pattern filesize limit: SRR3414637_1_fastqc.html
[2021-12-01 16:43:52,052] multiqc                                            [DEBUG  ]  File ignored by rseqc/junction_annotation because it exceeded search pattern filesize limit: SRR3414637_1_fastqc.html
[2021-12-01 16:43:52,052] multiqc                                            [DEBUG  ]  File ignored by rseqc/read_distribution because it exceeded search pattern filesize limit: SRR3414637_1_fastqc.html
[2021-12-01 16:43:52,052] multiqc                                            [DEBUG  ]  File ignored by rseqc/infer_experiment because it exceeded search pattern filesize limit: SRR3414637_1_fastqc.html
[2021-12-01 16:43:52,101] multiqc                                            [DEBUG  ]  File ignored by ccs/v4 because it exceeded search pattern filesize limit: SRR3414636_1_fastqc.html
[2021-12-01 16:43:52,102] multiqc                                            [DEBUG  ]  File ignored by hicexplorer because it exceeded search pattern filesize limit: SRR3414636_1_fastqc.html
[2021-12-01 16:43:52,102] multiqc                                            [DEBUG  ]  File ignored by nanostat because it exceeded search pattern filesize limit: SRR3414636_1_fastqc.html
[2021-12-01 16:43:52,102] multiqc                                            [DEBUG  ]  File ignored by lima/summary because it exceeded search pattern filesize limit: SRR3414636_1_fastqc.html
[2021-12-01 16:43:52,103] multiqc                                            [DEBUG  ]  File ignored by vep/vep_txt because it exceeded search pattern filesize limit: SRR3414636_1_fastqc.html
[2021-12-01 16:43:52,103] multiqc                                            [DEBUG  ]  File ignored by longranger/invocation because it exceeded search pattern filesize limit: SRR3414636_1_fastqc.html
[2021-12-01 16:43:52,103] multiqc                                            [DEBUG  ]  File ignored by rockhopper because it exceeded search pattern filesize limit: SRR3414636_1_fastqc.html
[2021-12-01 16:43:52,103] multiqc                                            [DEBUG  ]  File ignored by rseqc/bam_stat because it exceeded search pattern filesize limit: SRR3414636_1_fastqc.html
[2021-12-01 16:43:52,103] multiqc                                            [DEBUG  ]  File ignored by rseqc/junction_annotation because it exceeded search pattern filesize limit: SRR3414636_1_fastqc.html
[2021-12-01 16:43:52,103] multiqc                                            [DEBUG  ]  File ignored by rseqc/read_distribution because it exceeded search pattern filesize limit: SRR3414636_1_fastqc.html
[2021-12-01 16:43:52,103] multiqc                                            [DEBUG  ]  File ignored by rseqc/infer_experiment because it exceeded search pattern filesize limit: SRR3414636_1_fastqc.html
[2021-12-01 16:43:52,158] multiqc                                            [DEBUG  ]  File ignored by ccs/v4 because it exceeded search pattern filesize limit: SRR3414631_1_fastqc.html
[2021-12-01 16:43:52,158] multiqc                                            [DEBUG  ]  File ignored by hicexplorer because it exceeded search pattern filesize limit: SRR3414631_1_fastqc.html
[2021-12-01 16:43:52,159] multiqc                                            [DEBUG  ]  File ignored by nanostat because it exceeded search pattern filesize limit: SRR3414631_1_fastqc.html
[2021-12-01 16:43:52,159] multiqc                                            [DEBUG  ]  File ignored by lima/summary because it exceeded search pattern filesize limit: SRR3414631_1_fastqc.html
[2021-12-01 16:43:52,160] multiqc                                            [DEBUG  ]  File ignored by vep/vep_txt because it exceeded search pattern filesize limit: SRR3414631_1_fastqc.html
[2021-12-01 16:43:52,160] multiqc                                            [DEBUG  ]  File ignored by longranger/invocation because it exceeded search pattern filesize limit: SRR3414631_1_fastqc.html
[2021-12-01 16:43:52,160] multiqc                                            [DEBUG  ]  File ignored by rockhopper because it exceeded search pattern filesize limit: SRR3414631_1_fastqc.html
[2021-12-01 16:43:52,160] multiqc                                            [DEBUG  ]  File ignored by rseqc/bam_stat because it exceeded search pattern filesize limit: SRR3414631_1_fastqc.html
[2021-12-01 16:43:52,160] multiqc                                            [DEBUG  ]  File ignored by rseqc/junction_annotation because it exceeded search pattern filesize limit: SRR3414631_1_fastqc.html
[2021-12-01 16:43:52,160] multiqc                                            [DEBUG  ]  File ignored by rseqc/read_distribution because it exceeded search pattern filesize limit: SRR3414631_1_fastqc.html
[2021-12-01 16:43:52,160] multiqc                                            [DEBUG  ]  File ignored by rseqc/infer_experiment because it exceeded search pattern filesize limit: SRR3414631_1_fastqc.html
[2021-12-01 16:43:52,209] multiqc                                            [DEBUG  ]  File ignored by ccs/v4 because it exceeded search pattern filesize limit: SRR3414635_1_fastqc.html
[2021-12-01 16:43:52,210] multiqc                                            [DEBUG  ]  File ignored by hicexplorer because it exceeded search pattern filesize limit: SRR3414635_1_fastqc.html
[2021-12-01 16:43:52,210] multiqc                                            [DEBUG  ]  File ignored by nanostat because it exceeded search pattern filesize limit: SRR3414635_1_fastqc.html
[2021-12-01 16:43:52,210] multiqc                                            [DEBUG  ]  File ignored by lima/summary because it exceeded search pattern filesize limit: SRR3414635_1_fastqc.html
[2021-12-01 16:43:52,211] multiqc                                            [DEBUG  ]  File ignored by vep/vep_txt because it exceeded search pattern filesize limit: SRR3414635_1_fastqc.html
[2021-12-01 16:43:52,211] multiqc                                            [DEBUG  ]  File ignored by longranger/invocation because it exceeded search pattern filesize limit: SRR3414635_1_fastqc.html
[2021-12-01 16:43:52,211] multiqc                                            [DEBUG  ]  File ignored by rockhopper because it exceeded search pattern filesize limit: SRR3414635_1_fastqc.html
[2021-12-01 16:43:52,211] multiqc                                            [DEBUG  ]  File ignored by rseqc/bam_stat because it exceeded search pattern filesize limit: SRR3414635_1_fastqc.html
[2021-12-01 16:43:52,211] multiqc                                            [DEBUG  ]  File ignored by rseqc/junction_annotation because it exceeded search pattern filesize limit: SRR3414635_1_fastqc.html
[2021-12-01 16:43:52,211] multiqc                                            [DEBUG  ]  File ignored by rseqc/read_distribution because it exceeded search pattern filesize limit: SRR3414635_1_fastqc.html
[2021-12-01 16:43:52,211] multiqc                                            [DEBUG  ]  File ignored by rseqc/infer_experiment because it exceeded search pattern filesize limit: SRR3414635_1_fastqc.html
[2021-12-01 16:43:52,715] multiqc.plots.bargraph                             [DEBUG  ]  Using matplotlib version 3.3.4
[2021-12-01 16:43:52,716] multiqc.plots.linegraph                            [DEBUG  ]  Using matplotlib version 3.3.4
[2021-12-01 16:43:52,716] multiqc                                            [DEBUG  ]  No samples found: custom_content
[2021-12-01 16:43:52,719] multiqc                                            [DEBUG  ]  No samples found: ccs
[2021-12-01 16:43:52,723] multiqc                                            [DEBUG  ]  No samples found: ngsderive
[2021-12-01 16:43:52,726] multiqc                                            [DEBUG  ]  No samples found: purple
[2021-12-01 16:43:52,730] multiqc                                            [DEBUG  ]  No samples found: conpair
[2021-12-01 16:43:52,733] multiqc                                            [DEBUG  ]  No samples found: lima
[2021-12-01 16:43:52,736] multiqc                                            [DEBUG  ]  No samples found: peddy
[2021-12-01 16:43:52,739] multiqc                                            [DEBUG  ]  No samples found: somalier
[2021-12-01 16:43:52,742] multiqc                                            [DEBUG  ]  No samples found: methylQA
[2021-12-01 16:43:52,746] multiqc.modules.mosdepth.mosdepth                  [DEBUG  ]  include_contigs: []
[2021-12-01 16:43:52,746] multiqc.modules.mosdepth.mosdepth                  [DEBUG  ]  exclude_contigs: []
[2021-12-01 16:43:52,746] multiqc                                            [DEBUG  ]  No samples found: mosdepth
[2021-12-01 16:43:52,749] multiqc                                            [DEBUG  ]  No samples found: phantompeakqualtools
[2021-12-01 16:43:52,751] multiqc                                            [DEBUG  ]  No samples found: qualimap
[2021-12-01 16:43:52,753] multiqc                                            [DEBUG  ]  No samples found: preseq
[2021-12-01 16:43:52,756] multiqc                                            [DEBUG  ]  No samples found: quast
[2021-12-01 16:43:52,759] multiqc                                            [DEBUG  ]  No samples found: qorts
[2021-12-01 16:43:52,761] multiqc                                            [DEBUG  ]  No samples found: rna_seqc
[2021-12-01 16:43:52,763] multiqc                                            [DEBUG  ]  No samples found: rockhopper
[2021-12-01 16:43:52,765] multiqc                                            [DEBUG  ]  No samples found: rsem
[2021-12-01 16:43:52,769] multiqc                                            [DEBUG  ]  No samples found: rseqc
[2021-12-01 16:43:52,771] multiqc                                            [DEBUG  ]  No samples found: busco
[2021-12-01 16:43:52,774] multiqc                                            [DEBUG  ]  No samples found: bustools
[2021-12-01 16:43:52,776] multiqc                                            [DEBUG  ]  No samples found: goleft_indexcov
[2021-12-01 16:43:52,779] multiqc                                            [DEBUG  ]  No samples found: gffcompare
[2021-12-01 16:43:52,782] multiqc                                            [DEBUG  ]  No samples found: disambiguate
[2021-12-01 16:43:52,785] multiqc                                            [DEBUG  ]  No samples found: supernova
[2021-12-01 16:43:52,788] multiqc                                            [DEBUG  ]  No samples found: deeptools
[2021-12-01 16:43:52,791] multiqc                                            [DEBUG  ]  No samples found: sargasso
[2021-12-01 16:43:52,794] multiqc                                            [DEBUG  ]  No samples found: verifybamid
[2021-12-01 16:43:52,796] multiqc                                            [DEBUG  ]  No samples found: mirtrace
[2021-12-01 16:43:52,798] multiqc                                            [DEBUG  ]  No samples found: happy
[2021-12-01 16:43:52,800] multiqc                                            [DEBUG  ]  No samples found: mirtop
[2021-12-01 16:43:52,803] multiqc                                            [DEBUG  ]  No samples found: sambamba
[2021-12-01 16:43:52,806] multiqc                                            [DEBUG  ]  No samples found: homer
[2021-12-01 16:43:52,808] multiqc                                            [DEBUG  ]  No samples found: hops
[2021-12-01 16:43:52,810] multiqc                                            [DEBUG  ]  No samples found: macs2
[2021-12-01 16:43:52,812] multiqc                                            [DEBUG  ]  No samples found: theta2
[2021-12-01 16:43:52,814] multiqc                                            [DEBUG  ]  No samples found: snpeff
[2021-12-01 16:43:52,817] multiqc                                            [DEBUG  ]  No samples found: gatk
[2021-12-01 16:43:52,819] multiqc                                            [DEBUG  ]  No samples found: htseq
[2021-12-01 16:43:52,822] multiqc                                            [DEBUG  ]  No samples found: bcftools
[2021-12-01 16:43:52,825] multiqc                                            [DEBUG  ]  No samples found: featureCounts
[2021-12-01 16:43:52,829] multiqc                                            [DEBUG  ]  No samples found: fgbio
[2021-12-01 16:43:52,833] multiqc                                            [DEBUG  ]  No samples found: dragen
[2021-12-01 16:43:52,835] multiqc                                            [DEBUG  ]  No samples found: dedup
[2021-12-01 16:43:52,837] multiqc                                            [DEBUG  ]  No samples found: damageprofiler
[2021-12-01 16:43:52,846] multiqc                                            [DEBUG  ]  No samples found: biobambam2
[2021-12-01 16:43:52,848] multiqc                                            [DEBUG  ]  No samples found: jcvi
[2021-12-01 16:43:52,850] multiqc                                            [DEBUG  ]  No samples found: mtnucratio
[2021-12-01 16:43:52,852] multiqc                                            [DEBUG  ]  No samples found: picard
[2021-12-01 16:43:52,854] multiqc                                            [DEBUG  ]  No samples found: vep
[2021-12-01 16:43:52,857] multiqc                                            [DEBUG  ]  No samples found: sentieon
[2021-12-01 16:43:52,859] multiqc                                            [DEBUG  ]  No samples found: prokka
[2021-12-01 16:43:52,862] multiqc                                            [DEBUG  ]  No samples found: qc3C
[2021-12-01 16:43:52,865] multiqc                                            [DEBUG  ]  No samples found: nanostat
[2021-12-01 16:43:52,867] multiqc                                            [DEBUG  ]  No samples found: samblaster
[2021-12-01 16:43:52,869] multiqc                                            [DEBUG  ]  No samples found: samtools
[2021-12-01 16:43:52,872] multiqc                                            [DEBUG  ]  No samples found: sexdeterrmine
[2021-12-01 16:43:52,874] multiqc                                            [DEBUG  ]  No samples found: eigenstratdatabasetools
[2021-12-01 16:43:52,876] multiqc                                            [DEBUG  ]  No samples found: bamtools
[2021-12-01 16:43:52,879] multiqc                                            [DEBUG  ]  No samples found: jellyfish
[2021-12-01 16:43:52,881] multiqc                                            [DEBUG  ]  No samples found: vcftools
[2021-12-01 16:43:52,884] multiqc                                            [DEBUG  ]  No samples found: longranger
[2021-12-01 16:43:52,886] multiqc                                            [DEBUG  ]  No samples found: stacks
[2021-12-01 16:43:52,888] multiqc                                            [DEBUG  ]  No samples found: varscan2
[2021-12-01 16:43:52,890] multiqc                                            [DEBUG  ]  No samples found: snippy
[2021-12-01 16:43:52,894] multiqc                                            [DEBUG  ]  No samples found: bbmap
[2021-12-01 16:43:52,896] multiqc                                            [DEBUG  ]  No samples found: bismark
[2021-12-01 16:43:52,898] multiqc                                            [DEBUG  ]  No samples found: biscuit
[2021-12-01 16:43:52,900] multiqc                                            [DEBUG  ]  No samples found: hicexplorer
[2021-12-01 16:43:52,902] multiqc                                            [DEBUG  ]  No samples found: hicup
[2021-12-01 16:43:52,904] multiqc                                            [DEBUG  ]  No samples found: hicpro
[2021-12-01 16:43:52,906] multiqc                                            [DEBUG  ]  No samples found: salmon
[2021-12-01 16:43:52,908] multiqc                                            [DEBUG  ]  No samples found: kallisto
[2021-12-01 16:43:52,911] multiqc                                            [DEBUG  ]  No samples found: slamdunk
[2021-12-01 16:43:52,913] multiqc                                            [DEBUG  ]  No samples found: star
[2021-12-01 16:43:52,915] multiqc                                            [DEBUG  ]  No samples found: hisat2
[2021-12-01 16:43:52,917] multiqc                                            [DEBUG  ]  No samples found: tophat
[2021-12-01 16:43:52,919] multiqc                                            [DEBUG  ]  No samples found: bowtie2
[2021-12-01 16:43:52,921] multiqc                                            [DEBUG  ]  No samples found: bowtie1
[2021-12-01 16:43:52,923] multiqc                                            [DEBUG  ]  No samples found: snpsplit
[2021-12-01 16:43:52,925] multiqc                                            [DEBUG  ]  No samples found: odgi
[2021-12-01 16:43:52,927] multiqc                                            [DEBUG  ]  No samples found: pangolin
[2021-12-01 16:43:52,929] multiqc                                            [DEBUG  ]  No samples found: kat
[2021-12-01 16:43:52,931] multiqc                                            [DEBUG  ]  No samples found: leehom
[2021-12-01 16:43:52,934] multiqc                                            [DEBUG  ]  No samples found: adapterRemoval
[2021-12-01 16:43:52,936] multiqc                                            [DEBUG  ]  No samples found: clipandmerge
[2021-12-01 16:43:52,938] multiqc                                            [DEBUG  ]  No samples found: cutadapt
[2021-12-01 16:43:52,940] multiqc                                            [DEBUG  ]  No samples found: flexbar
[2021-12-01 16:43:52,942] multiqc                                            [DEBUG  ]  No samples found: kaiju
[2021-12-01 16:43:52,945] multiqc                                            [DEBUG  ]  No samples found: kraken
[2021-12-01 16:43:52,947] multiqc                                            [DEBUG  ]  No samples found: malt
[2021-12-01 16:43:52,949] multiqc                                            [DEBUG  ]  No samples found: trimmomatic
[2021-12-01 16:43:52,951] multiqc                                            [DEBUG  ]  No samples found: sickle
[2021-12-01 16:43:52,953] multiqc                                            [DEBUG  ]  No samples found: skewer
[2021-12-01 16:43:52,955] multiqc                                            [DEBUG  ]  No samples found: sortmerna
[2021-12-01 16:43:52,957] multiqc                                            [DEBUG  ]  No samples found: biobloomtools
[2021-12-01 16:43:52,959] multiqc                                            [DEBUG  ]  No samples found: fastq_screen
[2021-12-01 16:43:52,961] multiqc                                            [DEBUG  ]  No samples found: afterqc
[2021-12-01 16:43:52,963] multiqc                                            [DEBUG  ]  No samples found: fastp
[2021-12-01 16:43:53,048] multiqc.modules.fastqc.fastqc                      [INFO   ]  Found 6 reports
[2021-12-01 16:43:53,123] multiqc                                            [DEBUG  ]  No samples found: pychopper
[2021-12-01 16:43:53,125] multiqc                                            [DEBUG  ]  No samples found: pycoqc
[2021-12-01 16:43:53,127] multiqc                                            [DEBUG  ]  No samples found: minionqc
[2021-12-01 16:43:53,129] multiqc                                            [DEBUG  ]  No samples found: multivcfanalyzer
[2021-12-01 16:43:53,132] multiqc                                            [DEBUG  ]  No samples found: clusterflow
[2021-12-01 16:43:53,134] multiqc                                            [DEBUG  ]  No samples found: bcl2fastq
[2021-12-01 16:43:53,136] multiqc                                            [DEBUG  ]  No samples found: bclconvert
[2021-12-01 16:43:53,138] multiqc                                            [DEBUG  ]  No samples found: interop
[2021-12-01 16:43:53,140] multiqc                                            [DEBUG  ]  No samples found: ivar
[2021-12-01 16:43:53,142] multiqc                                            [DEBUG  ]  No samples found: flash
[2021-12-01 16:43:53,144] multiqc                                            [DEBUG  ]  No samples found: seqyclean
[2021-12-01 16:43:53,146] multiqc                                            [DEBUG  ]  No samples found: optitype
[2021-12-01 16:43:53,152] multiqc                                            [INFO   ]  Compressing plot data
[2021-12-01 16:43:53,229] multiqc                                            [INFO   ]  Report      : multiqc_report.html
[2021-12-01 16:43:53,230] multiqc                                            [INFO   ]  Data        : multiqc_data
[2021-12-01 16:43:53,230] multiqc                                            [DEBUG  ]  Moving data file from '/var/folders/4w/w469rcgn2y3dk9h8brh57df40000gn/T/tmpzojlasia/multiqc_data' to '/Users/mikhailshishkin/space/GitHub/bio_dz2/multiqc_data'
[2021-12-01 16:43:53,314] multiqc                                            [INFO   ]  MultiQC complete
